DEB [20161108-09:47:53.989] thr=1   paramiko.transport: starting thread (client mode): 0x4058090L
DEB [20161108-09:47:53.989] thr=1   paramiko.transport: Local version/idstring: SSH-2.0-paramiko_2.0.2
DEB [20161108-09:47:54.003] thr=1   paramiko.transport: Remote version/idstring: SSH-2.0-OpenSSH_5.3
INF [20161108-09:47:54.005] thr=1   paramiko.transport: Connected (version 2.0, client OpenSSH_5.3)
DEB [20161108-09:47:54.006] thr=1   paramiko.transport: kex algos:[u'diffie-hellman-group-exchange-sha256', u'diffie-hellman-group-exchange-sha1', u'diffie-hellman-group14-sha1', u'diffie-hellman-group1-sha1'] server key:[u'ssh-rsa', u'ssh-dss'] client encrypt:[u'aes128-ctr', u'aes192-ctr', u'aes256-ctr', u'arcfour256', u'arcfour128', u'aes128-cbc', u'3des-cbc', u'blowfish-cbc', u'cast128-cbc', u'aes192-cbc', u'aes256-cbc', u'arcfour', u'rijndael-cbc@lysator.liu.se'] server encrypt:[u'aes128-ctr', u'aes192-ctr', u'aes256-ctr', u'arcfour256', u'arcfour128', u'aes128-cbc', u'3des-cbc', u'blowfish-cbc', u'cast128-cbc', u'aes192-cbc', u'aes256-cbc', u'arcfour', u'rijndael-cbc@lysator.liu.se'] client mac:[u'hmac-md5', u'hmac-sha1', u'umac-64@openssh.com', u'hmac-sha2-256', u'hmac-sha2-512', u'hmac-ripemd160', u'hmac-ripemd160@openssh.com', u'hmac-sha1-96', u'hmac-md5-96'] server mac:[u'hmac-md5', u'hmac-sha1', u'umac-64@openssh.com', u'hmac-sha2-256', u'hmac-sha2-512', u'hmac-ripemd160', u'hmac-ripemd160@openssh.com', u'hmac-sha1-96', u'hmac-md5-96'] client compress:[u'none', u'zlib@openssh.com'] server compress:[u'none', u'zlib@openssh.com'] client lang:[u''] server lang:[u''] kex follows?False
DEB [20161108-09:47:54.006] thr=1   paramiko.transport: Kex agreed: diffie-hellman-group1-sha1
DEB [20161108-09:47:54.006] thr=1   paramiko.transport: Cipher agreed: aes128-ctr
DEB [20161108-09:47:54.006] thr=1   paramiko.transport: MAC agreed: hmac-sha2-256
DEB [20161108-09:47:54.006] thr=1   paramiko.transport: Compression agreed: none
DEB [20161108-09:47:54.051] thr=1   paramiko.transport: kex engine KexGroup1 specified hash_algo <built-in function openssl_sha1>
DEB [20161108-09:47:54.051] thr=1   paramiko.transport: Switch to new keys ...
DEB [20161108-09:47:54.059] thr=2   paramiko.transport: Trying discovered key 6fbf430a2e4c6ea08d46e5184e979c48 in C:\Users\Administrator/.ssh/id_rsa
DEB [20161108-09:47:54.091] thr=1   paramiko.transport: userauth is OK
INF [20161108-09:47:54.107] thr=1   paramiko.transport: Authentication (publickey) failed.
DEB [20161108-09:47:54.124] thr=1   paramiko.transport: userauth is OK
INF [20161108-09:47:54.132] thr=1   paramiko.transport: Authentication (password) successful!
DEB [20161108-09:47:54.138] thr=2   paramiko.transport: [chan 0] Max packet in: 32768 bytes
DEB [20161108-09:47:54.140] thr=1   paramiko.transport: [chan 0] Max packet out: 32768 bytes
DEB [20161108-09:47:54.140] thr=1   paramiko.transport: Secsh channel 0 opened.
DEB [20161108-09:47:54.141] thr=1   paramiko.transport: [chan 0] Sesch channel 0 request ok
DEB [20161108-09:47:54.157] thr=1   paramiko.transport: [chan 0] EOF received (0)
DEB [20161108-09:47:54.173] thr=3   paramiko.transport: starting thread (client mode): 0x40648f0L
DEB [20161108-09:47:54.174] thr=3   paramiko.transport: Local version/idstring: SSH-2.0-paramiko_2.0.2
DEB [20161108-09:47:54.187] thr=3   paramiko.transport: Remote version/idstring: SSH-2.0-OpenSSH_5.3
INF [20161108-09:47:54.187] thr=3   paramiko.transport: Connected (version 2.0, client OpenSSH_5.3)
DEB [20161108-09:47:54.188] thr=3   paramiko.transport: kex algos:[u'diffie-hellman-group-exchange-sha256', u'diffie-hellman-group-exchange-sha1', u'diffie-hellman-group14-sha1', u'diffie-hellman-group1-sha1'] server key:[u'ssh-rsa', u'ssh-dss'] client encrypt:[u'aes128-ctr', u'aes192-ctr', u'aes256-ctr', u'arcfour256', u'arcfour128', u'aes128-cbc', u'3des-cbc', u'blowfish-cbc', u'cast128-cbc', u'aes192-cbc', u'aes256-cbc', u'arcfour', u'rijndael-cbc@lysator.liu.se'] server encrypt:[u'aes128-ctr', u'aes192-ctr', u'aes256-ctr', u'arcfour256', u'arcfour128', u'aes128-cbc', u'3des-cbc', u'blowfish-cbc', u'cast128-cbc', u'aes192-cbc', u'aes256-cbc', u'arcfour', u'rijndael-cbc@lysator.liu.se'] client mac:[u'hmac-md5', u'hmac-sha1', u'umac-64@openssh.com', u'hmac-sha2-256', u'hmac-sha2-512', u'hmac-ripemd160', u'hmac-ripemd160@openssh.com', u'hmac-sha1-96', u'hmac-md5-96'] server mac:[u'hmac-md5', u'hmac-sha1', u'umac-64@openssh.com', u'hmac-sha2-256', u'hmac-sha2-512', u'hmac-ripemd160', u'hmac-ripemd160@openssh.com', u'hmac-sha1-96', u'hmac-md5-96'] client compress:[u'none', u'zlib@openssh.com'] server compress:[u'none', u'zlib@openssh.com'] client lang:[u''] server lang:[u''] kex follows?False
DEB [20161108-09:47:54.190] thr=3   paramiko.transport: Kex agreed: diffie-hellman-group1-sha1
DEB [20161108-09:47:54.190] thr=3   paramiko.transport: Cipher agreed: aes128-ctr
DEB [20161108-09:47:54.190] thr=3   paramiko.transport: MAC agreed: hmac-sha2-256
DEB [20161108-09:47:54.190] thr=3   paramiko.transport: Compression agreed: none
DEB [20161108-09:47:54.242] thr=3   paramiko.transport: kex engine KexGroup1 specified hash_algo <built-in function openssl_sha1>
DEB [20161108-09:47:54.243] thr=3   paramiko.transport: Switch to new keys ...
DEB [20161108-09:47:54.273] thr=2   paramiko.transport: Trying discovered key 6fbf430a2e4c6ea08d46e5184e979c48 in C:\Users\Administrator/.ssh/id_rsa
DEB [20161108-09:47:54.282] thr=3   paramiko.transport: userauth is OK
INF [20161108-09:47:54.299] thr=3   paramiko.transport: Authentication (publickey) failed.
DEB [20161108-09:47:54.305] thr=3   paramiko.transport: userauth is OK
INF [20161108-09:47:54.313] thr=3   paramiko.transport: Authentication (password) successful!
DEB [20161108-09:47:54.321] thr=2   paramiko.transport: [chan 0] Max packet in: 32768 bytes
DEB [20161108-09:47:54.322] thr=3   paramiko.transport: [chan 0] Max packet out: 32768 bytes
DEB [20161108-09:47:54.322] thr=3   paramiko.transport: Secsh channel 0 opened.
DEB [20161108-09:47:54.323] thr=3   paramiko.transport: [chan 0] Sesch channel 0 request ok
DEB [20161108-09:47:54.336] thr=3   paramiko.transport: [chan 0] EOF received (0)
DEB [20161108-09:47:54.338] thr=3   paramiko.transport: [chan 0] EOF sent (0)
DEB [20161108-09:47:54.438] thr=3   paramiko.transport: EOF in transport thread
